<?xml version="1.0" encoding="UTF-8"?>
<testng-results ignored="0" total="1" passed="1" failed="0" skipped="0">
  <reporter-output>
  </reporter-output>
  <suite started-at="2022-07-30T12:03:18 IST" name="Default suite" finished-at="2022-07-30T12:03:27 IST" duration-ms="8832">
    <groups>
    </groups>
    <test started-at="2022-07-30T12:03:18 IST" name="Default test" finished-at="2022-07-30T12:03:27 IST" duration-ms="8832">
      <class name="Flipkart.GitHub">
        <test-method is-config="true" signature="beforeTest()[pri:0, instance:Flipkart.GitHub@6392827e]" started-at="2022-07-30T12:03:18 IST" name="beforeTest" finished-at="2022-07-30T12:03:25 IST" duration-ms="6762" status="PASS">
          <reporter-output>
          </reporter-output>
        </test-method> <!-- beforeTest -->
        <test-method signature="flipkart()[pri:0, instance:Flipkart.GitHub@6392827e]" started-at="2022-07-30T12:03:25 IST" name="flipkart" finished-at="2022-07-30T12:03:27 IST" duration-ms="2014" status="PASS">
          <reporter-output>
          </reporter-output>
        </test-method> <!-- flipkart -->
        <test-method is-config="true" signature="afterTest()[pri:0, instance:Flipkart.GitHub@6392827e]" started-at="2022-07-30T12:03:27 IST" name="afterTest" finished-at="2022-07-30T12:03:27 IST" duration-ms="1" status="PASS">
          <reporter-output>
          </reporter-output>
        </test-method> <!-- afterTest -->
      </class> <!-- Flipkart.GitHub -->
    </test> <!-- Default test -->
  </suite> <!-- Default suite -->
</testng-results>
